1:C 24 May 2025 06:43:36.498 # WARNING Memory overcommit must be enabled! Without it, a background save or replication may fail under low memory condition. Being disabled, it can also cause failures without low memory condition, see https://github.com/jemalloc/jemalloc/issues/1328. To fix this issue add 'vm.overcommit_memory = 1' to /etc/sysctl.conf and then reboot or run the command 'sysctl vm.overcommit_memory=1' for this to take effect.
1:C 24 May 2025 06:43:36.500 * oO0OoO0OoO0Oo Redis is starting oO0OoO0OoO0Oo
1:C 24 May 2025 06:43:36.500 * Redis version=8.0.1, bits=64, commit=00000000, modified=1, pid=1, just started
1:C 24 May 2025 06:43:36.501 * Configuration loaded
1:M 24 May 2025 06:43:36.502 * monotonic clock: POSIX clock_gettime
1:M 24 May 2025 06:43:36.503 * Running mode=standalone, port=6379.
1:M 24 May 2025 06:43:36.504 * <bf> RedisBloom version 8.0.1 (Git=unknown)
1:M 24 May 2025 06:43:36.505 * <bf> Registering configuration options: [
1:M 24 May 2025 06:43:36.506 * <bf> 	{ bf-error-rate       :      0.01 }
1:M 24 May 2025 06:43:36.506 * <bf> 	{ bf-initial-size     :       100 }
1:M 24 May 2025 06:43:36.507 * <bf> 	{ bf-expansion-factor :         2 }
1:M 24 May 2025 06:43:36.508 * <bf> 	{ cf-bucket-size      :         2 }
1:M 24 May 2025 06:43:36.509 * <bf> 	{ cf-initial-size     :      1024 }
1:M 24 May 2025 06:43:36.510 * <bf> 	{ cf-max-iterations   :        20 }
1:M 24 May 2025 06:43:36.510 * <bf> 	{ cf-expansion-factor :         1 }
1:M 24 May 2025 06:43:36.511 * <bf> 	{ cf-max-expansions   :        32 }
1:M 24 May 2025 06:43:36.511 * <bf> ]
1:M 24 May 2025 06:43:36.512 * Module 'bf' loaded from /usr/local/lib/redis/modules//redisbloom.so
1:M 24 May 2025 06:43:36.516 * <search> Redis version found by RedisSearch : 8.0.1 - oss
1:M 24 May 2025 06:43:36.517 * <search> RediSearch version 8.0.1 (Git=5688fcc)
1:M 24 May 2025 06:43:36.518 * <search> Low level api version 1 initialized successfully
1:M 24 May 2025 06:43:36.519 * <search> gc: ON, prefix min length: 2, min word length to stem: 4, prefix max expansions: 200, query timeout (ms): 500, timeout policy: return, cursor read size: 1000, cursor max idle (ms): 300000, max doctable size: 1000000, max number of search results:  1000000, 
1:M 24 May 2025 06:43:36.519 * <search> Initialized thread pools!
1:M 24 May 2025 06:43:36.521 * <search> Disabled workers threadpool of size 0
1:M 24 May 2025 06:43:36.521 * <search> Subscribe to config changes
1:M 24 May 2025 06:43:36.522 * <search> Enabled role change notification
1:M 24 May 2025 06:43:36.523 * <search> Cluster configuration: AUTO partitions, type: 0, coordinator timeout: 0ms
1:M 24 May 2025 06:43:36.524 * <search> Register write commands
1:M 24 May 2025 06:43:36.525 * Module 'search' loaded from /usr/local/lib/redis/modules//redisearch.so
1:M 24 May 2025 06:43:36.526 * <timeseries> RedisTimeSeries version 80001, git_sha=577bfa8b5909e7ee572f0b651399be8303dc6641
1:M 24 May 2025 06:43:36.527 * <timeseries> Redis version found by RedisTimeSeries : 8.0.1 - oss
1:M 24 May 2025 06:43:36.528 * <timeseries> Registering configuration options: [
1:M 24 May 2025 06:43:36.528 * <timeseries> 	{ ts-compaction-policy   :              }
1:M 24 May 2025 06:43:36.529 * <timeseries> 	{ ts-num-threads         :            3 }
1:M 24 May 2025 06:43:36.529 * <timeseries> 	{ ts-retention-policy    :            0 }
1:M 24 May 2025 06:43:36.530 * <timeseries> 	{ ts-duplicate-policy    :        block }
1:M 24 May 2025 06:43:36.533 * <timeseries> 	{ ts-chunk-size-bytes    :         4096 }
1:M 24 May 2025 06:43:36.534 * <timeseries> 	{ ts-encoding            :   compressed }
1:M 24 May 2025 06:43:36.534 * <timeseries> 	{ ts-ignore-max-time-diff:            0 }
1:M 24 May 2025 06:43:36.535 * <timeseries> 	{ ts-ignore-max-val-diff :     0.000000 }
1:M 24 May 2025 06:43:36.535 * <timeseries> ]
1:M 24 May 2025 06:43:36.536 * <timeseries> Detected redis oss
1:M 24 May 2025 06:43:36.537 * Module 'timeseries' loaded from /usr/local/lib/redis/modules//redistimeseries.so
1:M 24 May 2025 06:43:36.538 * <ReJSON> Created new data type 'ReJSON-RL'
1:M 24 May 2025 06:43:36.540 * <ReJSON> version: 80001 git sha: unknown branch: unknown
1:M 24 May 2025 06:43:36.541 * <ReJSON> Exported RedisJSON_V1 API
1:M 24 May 2025 06:43:36.543 * <ReJSON> Exported RedisJSON_V2 API
1:M 24 May 2025 06:43:36.544 * <ReJSON> Exported RedisJSON_V3 API
1:M 24 May 2025 06:43:36.544 * <ReJSON> Exported RedisJSON_V4 API
1:M 24 May 2025 06:43:36.545 * <ReJSON> Exported RedisJSON_V5 API
1:M 24 May 2025 06:43:36.546 * <ReJSON> Enabled diskless replication
1:M 24 May 2025 06:43:36.546 * <ReJSON> Initialized shared string cache, thread safe: false.
1:M 24 May 2025 06:43:36.547 * Module 'ReJSON' loaded from /usr/local/lib/redis/modules//rejson.so
1:M 24 May 2025 06:43:36.548 * <search> Acquired RedisJSON_V5 API
1:M 24 May 2025 06:43:36.549 * Server initialized
1:M 24 May 2025 06:43:36.551 * Creating AOF base file appendonly.aof.1.base.rdb on server start
1:M 24 May 2025 06:43:36.553 * Creating AOF incr file appendonly.aof.1.incr.aof on server start
1:M 24 May 2025 06:43:36.554 * Ready to accept connections tcp
1:signal-handler (1748069227) Received SIGTERM scheduling shutdown...
1:M 24 May 2025 06:47:07.847 * User requested shutdown...
1:M 24 May 2025 06:47:07.849 * Calling fsync() on the AOF file.
1:M 24 May 2025 06:47:07.852 * Saving the final RDB snapshot before exiting.
1:M 24 May 2025 06:47:07.855 * DB saved on disk
1:M 24 May 2025 06:47:07.858 # Redis is now ready to exit, bye bye...
